0 info it worked if it ends with ok
1 verbose cli [ '/usr/local/bin/node',
1 verbose cli   '/usr/local/bin/npm',
1 verbose cli   'run',
1 verbose cli   'test:watch' ]
2 info using npm@3.10.10
3 info using node@v6.9.5
4 verbose run-script [ 'pretest:watch', 'test:watch', 'posttest:watch' ]
5 info lifecycle Articles@0.0.0~pretest:watch: Articles@0.0.0
6 silly lifecycle Articles@0.0.0~pretest:watch: no script for pretest:watch, continuing
7 info lifecycle Articles@0.0.0~test:watch: Articles@0.0.0
8 verbose lifecycle Articles@0.0.0~test:watch: unsafe-perm in lifecycle true
9 verbose lifecycle Articles@0.0.0~test:watch: PATH: /usr/local/lib/node_modules/npm/bin/node-gyp-bin:/Users/xiaoyuchen/Documents/courses/COMP431/inclass-18/node_modules/.bin:/opt/local/bin:/opt/local/sbin:/Library/Java/JavaVirtualMachines/jdk1.8.0_65.jdk/Contents/Home/bin:/Developer/NVIDIA/CUDA-7.5/bin:/Applications/Xcode-6.4.app/Contents/Developer/Toolchains/XcodeDefault.xctoolchain/usr/bin:/opt/local/bin:/usr/local/bin:/Users/xiaoyuchen/.rvm/gems/ruby-2.3.0/bin:/Users/xiaoyuchen/.rvm/gems/ruby-2.3.0@global/bin:/Users/xiaoyuchen/.rvm/rubies/ruby-2.3.0/bin:/Users/xiaoyuchen/.rbenv/shims:/usr/local/bin:/usr/bin:/bin:/usr/sbin:/sbin:/opt/X11/bin:/Applications/Postgres.app/Contents/Versions/latest/bin:/Library/TeX/texbin:/Users/xiaoyuchen/.rvm/bin:/usr/local/Cellar/maven/3.3.9/libexec/bin
10 verbose lifecycle Articles@0.0.0~test:watch: CWD: /Users/xiaoyuchen/Documents/courses/COMP431/inclass-18
11 silly lifecycle Articles@0.0.0~test:watch: Args: [ '-c', 'npm run test -- -w' ]
12 silly lifecycle Articles@0.0.0~test:watch: Returned: code: 1  signal: null
13 info lifecycle Articles@0.0.0~test:watch: Failed to exec test:watch script
14 verbose stack Error: Articles@0.0.0 test:watch: `npm run test -- -w`
14 verbose stack Exit status 1
14 verbose stack     at EventEmitter.<anonymous> (/usr/local/lib/node_modules/npm/lib/utils/lifecycle.js:255:16)
14 verbose stack     at emitTwo (events.js:106:13)
14 verbose stack     at EventEmitter.emit (events.js:191:7)
14 verbose stack     at ChildProcess.<anonymous> (/usr/local/lib/node_modules/npm/lib/utils/spawn.js:40:14)
14 verbose stack     at emitTwo (events.js:106:13)
14 verbose stack     at ChildProcess.emit (events.js:191:7)
14 verbose stack     at maybeClose (internal/child_process.js:877:16)
14 verbose stack     at Process.ChildProcess._handle.onexit (internal/child_process.js:226:5)
15 verbose pkgid Articles@0.0.0
16 verbose cwd /Users/xiaoyuchen/Documents/courses/COMP431/inclass-18
17 error Darwin 16.1.0
18 error argv "/usr/local/bin/node" "/usr/local/bin/npm" "run" "test:watch"
19 error node v6.9.5
20 error npm  v3.10.10
21 error code ELIFECYCLE
22 error Articles@0.0.0 test:watch: `npm run test -- -w`
22 error Exit status 1
23 error Failed at the Articles@0.0.0 test:watch script 'npm run test -- -w'.
23 error Make sure you have the latest version of node.js and npm installed.
23 error If you do, this is most likely a problem with the Articles package,
23 error not with npm itself.
23 error Tell the author that this fails on your system:
23 error     npm run test -- -w
23 error You can get information on how to open an issue for this project with:
23 error     npm bugs Articles
23 error Or if that isn't available, you can get their info via:
23 error     npm owner ls Articles
23 error There is likely additional logging output above.
24 verbose exit [ 1, true ]
